2018-04-09 15:38:26,937 - log/train.log - INFO - num_chars      :	4412
2018-04-09 15:38:26,937 - log/train.log - INFO - char_dim       :	100
2018-04-09 15:38:26,937 - log/train.log - INFO - num_tags       :	13
2018-04-09 15:38:26,937 - log/train.log - INFO - seg_dim        :	20
2018-04-09 15:38:26,937 - log/train.log - INFO - num_filter     :	100
2018-04-09 15:38:26,938 - log/train.log - INFO - batch_size     :	20
2018-04-09 15:38:26,938 - log/train.log - INFO - emb_file       :	config/vec.txt
2018-04-09 15:38:26,938 - log/train.log - INFO - clip           :	5.0
2018-04-09 15:38:26,938 - log/train.log - INFO - dropout_keep   :	0.5
2018-04-09 15:38:26,938 - log/train.log - INFO - optimizer      :	adam
2018-04-09 15:38:26,938 - log/train.log - INFO - lr             :	0.001
2018-04-09 15:38:26,938 - log/train.log - INFO - tag_schema     :	iobes
2018-04-09 15:38:26,938 - log/train.log - INFO - pre_emb        :	True
2018-04-09 15:38:26,938 - log/train.log - INFO - zeros          :	False
2018-04-09 15:38:26,938 - log/train.log - INFO - lower          :	True
2018-04-09 15:38:27,956 - log/train.log - INFO - Created model with fresh parameters.
2018-04-09 15:38:29,014 - log/train.log - INFO - Load pre-trained embedding.
2018-04-09 15:38:29,014 - log/train.log - INFO - start training
2018-04-09 15:38:46,072 - log/train.log - INFO - iteration:1 step:100/1044, NER loss:23.794409
2018-04-09 15:39:04,863 - log/train.log - INFO - iteration:1 step:200/1044, NER loss:14.702610
2018-04-09 15:39:24,484 - log/train.log - INFO - iteration:1 step:300/1044, NER loss:10.946743
2018-04-09 15:39:43,931 - log/train.log - INFO - iteration:1 step:400/1044, NER loss: 9.526837
2018-04-09 15:40:01,170 - log/train.log - INFO - iteration:1 step:500/1044, NER loss: 7.388721
2018-04-09 15:40:19,059 - log/train.log - INFO - iteration:1 step:600/1044, NER loss: 6.984970
2018-04-09 15:40:41,576 - log/train.log - INFO - iteration:1 step:700/1044, NER loss: 9.643927
2018-04-09 15:40:59,183 - log/train.log - INFO - iteration:1 step:800/1044, NER loss: 5.620385
2018-04-09 15:41:18,279 - log/train.log - INFO - iteration:1 step:900/1044, NER loss: 6.706170
2018-04-09 15:41:37,259 - log/train.log - INFO - iteration:1 step:1000/1044, NER loss: 5.408706
2018-04-09 15:41:44,937 - log/train.log - INFO - evaluate:dev
2018-04-09 15:41:51,374 - log/train.log - INFO - processed 109870 tokens with 3819 phrases; found: 3551 phrases; correct: 2645.

2018-04-09 15:41:51,374 - log/train.log - INFO - accuracy:  96.62%; precision:  74.49%; recall:  69.26%; FB1:  71.78

2018-04-09 15:41:51,374 - log/train.log - INFO -               LOC: precision:  75.59%; recall:  70.78%; FB1:  73.11  1827

2018-04-09 15:41:51,374 - log/train.log - INFO -               ORG: precision:  66.77%; recall:  63.92%; FB1:  65.32  942

2018-04-09 15:41:51,374 - log/train.log - INFO -               PER: precision:  81.20%; recall:  71.83%; FB1:  76.23  782

2018-04-09 15:41:51,428 - log/train.log - INFO - new best dev f1 score:71.780
2018-04-09 15:41:51,585 - log/train.log - INFO - model saved
2018-04-09 15:41:51,586 - log/train.log - INFO - evaluate:test
2018-04-09 15:42:05,045 - log/train.log - INFO - processed 219197 tokens with 7707 phrases; found: 7336 phrases; correct: 5424.

2018-04-09 15:42:05,045 - log/train.log - INFO - accuracy:  96.57%; precision:  73.94%; recall:  70.38%; FB1:  72.11

2018-04-09 15:42:05,045 - log/train.log - INFO -               LOC: precision:  73.74%; recall:  70.78%; FB1:  72.23  3511

2018-04-09 15:42:05,045 - log/train.log - INFO -               ORG: precision:  66.91%; recall:  63.48%; FB1:  65.15  2073

2018-04-09 15:42:05,045 - log/train.log - INFO -               PER: precision:  82.65%; recall:  77.68%; FB1:  80.09  1752

2018-04-09 15:42:05,101 - log/train.log - INFO - new best test f1 score:72.110
2018-04-09 15:42:11,425 - log/train.log - INFO - iteration:2 step:56/1044, NER loss: 4.235190
2018-04-09 15:42:23,992 - log/train.log - INFO - iteration:2 step:156/1044, NER loss: 4.592274
2018-04-09 15:42:39,670 - log/train.log - INFO - iteration:2 step:256/1044, NER loss: 4.409540
2018-04-09 15:42:55,664 - log/train.log - INFO - iteration:2 step:356/1044, NER loss: 4.317474
2018-04-09 15:43:07,509 - log/train.log - INFO - iteration:2 step:456/1044, NER loss: 3.613729
2018-04-09 15:43:21,051 - log/train.log - INFO - iteration:2 step:556/1044, NER loss: 3.831177
2018-04-09 15:43:33,587 - log/train.log - INFO - iteration:2 step:656/1044, NER loss: 4.255664
2018-04-09 15:43:47,396 - log/train.log - INFO - iteration:2 step:756/1044, NER loss: 3.823212
2018-04-09 15:44:02,594 - log/train.log - INFO - iteration:2 step:856/1044, NER loss: 3.975676
2018-04-09 15:44:16,105 - log/train.log - INFO - iteration:2 step:956/1044, NER loss: 3.321629
2018-04-09 15:44:28,404 - log/train.log - INFO - evaluate:dev
2018-04-09 15:44:36,143 - log/train.log - INFO - processed 109870 tokens with 3819 phrases; found: 3585 phrases; correct: 2957.

2018-04-09 15:44:36,144 - log/train.log - INFO - accuracy:  97.36%; precision:  82.48%; recall:  77.43%; FB1:  79.88

2018-04-09 15:44:36,144 - log/train.log - INFO -               LOC: precision:  81.03%; recall:  83.19%; FB1:  82.09  2003

2018-04-09 15:44:36,144 - log/train.log - INFO -               ORG: precision:  80.75%; recall:  65.24%; FB1:  72.18  795

2018-04-09 15:44:36,144 - log/train.log - INFO -               PER: precision:  87.93%; recall:  78.28%; FB1:  82.82  787

2018-04-09 15:44:36,190 - log/train.log - INFO - new best dev f1 score:79.880
2018-04-09 15:44:36,336 - log/train.log - INFO - model saved
2018-04-09 15:44:36,337 - log/train.log - INFO - evaluate:test
2018-04-09 15:44:51,793 - log/train.log - INFO - processed 219197 tokens with 7707 phrases; found: 7321 phrases; correct: 5938.

2018-04-09 15:44:51,793 - log/train.log - INFO - accuracy:  97.18%; precision:  81.11%; recall:  77.05%; FB1:  79.03

2018-04-09 15:44:51,793 - log/train.log - INFO -               LOC: precision:  78.72%; recall:  82.50%; FB1:  80.57  3834

2018-04-09 15:44:51,793 - log/train.log - INFO -               ORG: precision:  79.58%; recall:  63.84%; FB1:  70.85  1753

2018-04-09 15:44:51,793 - log/train.log - INFO -               PER: precision:  87.95%; recall:  81.81%; FB1:  84.77  1734

2018-04-09 15:44:51,841 - log/train.log - INFO - new best test f1 score:79.030
2018-04-09 15:44:54,892 - log/train.log - INFO - iteration:3 step:12/1044, NER loss: 3.761945
2018-04-09 15:45:07,994 - log/train.log - INFO - iteration:3 step:112/1044, NER loss: 3.063698
2018-04-09 15:45:20,607 - log/train.log - INFO - iteration:3 step:212/1044, NER loss: 2.785413
2018-04-09 15:45:35,096 - log/train.log - INFO - iteration:3 step:312/1044, NER loss: 2.946091
2018-04-09 15:45:47,160 - log/train.log - INFO - iteration:3 step:412/1044, NER loss: 2.671662
2018-04-09 15:45:59,556 - log/train.log - INFO - iteration:3 step:512/1044, NER loss: 2.588192
2018-04-09 15:46:11,864 - log/train.log - INFO - iteration:3 step:612/1044, NER loss: 2.516059
2018-04-09 15:46:24,447 - log/train.log - INFO - iteration:3 step:712/1044, NER loss: 2.425344
2018-04-09 15:46:38,812 - log/train.log - INFO - iteration:3 step:812/1044, NER loss: 3.192875
2018-04-09 15:46:50,974 - log/train.log - INFO - iteration:3 step:912/1044, NER loss: 2.415040
2018-04-09 15:47:04,593 - log/train.log - INFO - iteration:3 step:1012/1044, NER loss: 2.506595
2018-04-09 15:47:08,406 - log/train.log - INFO - evaluate:dev
2018-04-09 15:47:14,628 - log/train.log - INFO - processed 109870 tokens with 3819 phrases; found: 3593 phrases; correct: 3049.

2018-04-09 15:47:14,628 - log/train.log - INFO - accuracy:  97.57%; precision:  84.86%; recall:  79.84%; FB1:  82.27

2018-04-09 15:47:14,629 - log/train.log - INFO -               LOC: precision:  85.68%; recall:  81.91%; FB1:  83.75  1865

2018-04-09 15:47:14,629 - log/train.log - INFO -               ORG: precision:  81.68%; recall:  72.97%; FB1:  77.08  879

2018-04-09 15:47:14,629 - log/train.log - INFO -               PER: precision:  86.34%; recall:  82.92%; FB1:  84.59  849

2018-04-09 15:47:14,674 - log/train.log - INFO - new best dev f1 score:82.270
2018-04-09 15:47:14,812 - log/train.log - INFO - model saved
2018-04-09 15:47:14,812 - log/train.log - INFO - evaluate:test
2018-04-09 15:47:27,465 - log/train.log - INFO - processed 219197 tokens with 7707 phrases; found: 7276 phrases; correct: 6184.

2018-04-09 15:47:27,465 - log/train.log - INFO - accuracy:  97.59%; precision:  84.99%; recall:  80.24%; FB1:  82.55

2018-04-09 15:47:27,466 - log/train.log - INFO -               LOC: precision:  85.32%; recall:  82.94%; FB1:  84.11  3556

2018-04-09 15:47:27,466 - log/train.log - INFO -               ORG: precision:  80.78%; recall:  71.95%; FB1:  76.11  1946

2018-04-09 15:47:27,466 - log/train.log - INFO -               PER: precision:  88.95%; recall:  84.66%; FB1:  86.75  1774

2018-04-09 15:47:27,511 - log/train.log - INFO - new best test f1 score:82.550
2018-04-09 15:47:35,703 - log/train.log - INFO - iteration:4 step:68/1044, NER loss: 2.043060
2018-04-09 15:47:48,912 - log/train.log - INFO - iteration:4 step:168/1044, NER loss: 2.347534
2018-04-09 15:48:02,644 - log/train.log - INFO - iteration:4 step:268/1044, NER loss: 2.268256
2018-04-09 15:48:14,743 - log/train.log - INFO - iteration:4 step:368/1044, NER loss: 1.931653
2018-04-09 15:48:28,731 - log/train.log - INFO - iteration:4 step:468/1044, NER loss: 2.020604
2018-04-09 15:48:40,331 - log/train.log - INFO - iteration:4 step:568/1044, NER loss: 1.835736
2018-04-09 15:48:53,012 - log/train.log - INFO - iteration:4 step:668/1044, NER loss: 2.178505
2018-04-09 15:49:06,515 - log/train.log - INFO - iteration:4 step:768/1044, NER loss: 2.286706
